2025-09-18 16:08:54 | indicators   | INFO     | Logger 'indicators' initialized. Log file: logs\indicators_20250918.log
2025-09-18 16:08:54 | indicators   | INFO     | Starting: Adding indicators to MSFT
2025-09-18 16:08:54 | indicators   | INFO     | Completed: Adding indicators to MSFT | duration_sec=0.014272
2025-09-18 16:08:54 | indicators   | INFO     | Starting: Adding indicators to NVDA
2025-09-18 16:08:54 | indicators   | INFO     | Completed: Adding indicators to NVDA | duration_sec=0.009717
2025-09-18 16:08:54 | indicators   | INFO     | Starting: Adding indicators to AAPL
2025-09-18 16:08:54 | indicators   | INFO     | Completed: Adding indicators to AAPL | duration_sec=0.015414
2025-09-18 16:08:54 | indicators   | INFO     | Starting: Adding indicators to AMZN
2025-09-18 16:08:54 | indicators   | INFO     | Completed: Adding indicators to AMZN | duration_sec=0.016558
2025-09-18 16:08:54 | indicators   | INFO     | Starting: Adding indicators to GOOGL
2025-09-18 16:08:54 | indicators   | INFO     | Completed: Adding indicators to GOOGL | duration_sec=0.012622
2025-09-18 16:53:18 | indicators   | INFO     | Logger 'indicators' initialized. Log file: logs\indicators_20250918.log
2025-09-18 16:53:18 | indicators   | INFO     | Starting: Adding indicators to MSFT
2025-09-18 16:53:18 | indicators   | INFO     | Completed: Adding indicators to MSFT | duration_sec=0.017992
2025-09-18 16:53:18 | indicators   | INFO     | Starting: Adding indicators to NVDA
2025-09-18 16:53:18 | indicators   | INFO     | Completed: Adding indicators to NVDA | duration_sec=0.009666
2025-09-18 16:53:18 | indicators   | INFO     | Starting: Adding indicators to AAPL
2025-09-18 16:53:18 | indicators   | INFO     | Completed: Adding indicators to AAPL | duration_sec=0.012465
2025-09-18 16:53:18 | indicators   | INFO     | Starting: Adding indicators to AMZN
2025-09-18 16:53:18 | indicators   | INFO     | Completed: Adding indicators to AMZN | duration_sec=0.011453
2025-09-18 16:53:18 | indicators   | INFO     | Starting: Adding indicators to GOOGL
2025-09-18 16:53:18 | indicators   | INFO     | Completed: Adding indicators to GOOGL | duration_sec=0.010604
2025-09-18 16:53:56 | indicators   | INFO     | Starting: Adding indicators to MSFT
2025-09-18 16:53:56 | indicators   | INFO     | Completed: Adding indicators to MSFT | duration_sec=0.01108
2025-09-18 16:53:56 | indicators   | INFO     | Starting: Adding indicators to NVDA
2025-09-18 16:53:56 | indicators   | INFO     | Completed: Adding indicators to NVDA | duration_sec=0.013102
2025-09-18 16:53:56 | indicators   | INFO     | Starting: Adding indicators to AAPL
2025-09-18 16:53:56 | indicators   | INFO     | Completed: Adding indicators to AAPL | duration_sec=0.010815
2025-09-18 16:53:56 | indicators   | INFO     | Starting: Adding indicators to AMZN
2025-09-18 16:53:56 | indicators   | INFO     | Completed: Adding indicators to AMZN | duration_sec=0.008165
2025-09-18 16:53:56 | indicators   | INFO     | Starting: Adding indicators to GOOGL
2025-09-18 16:53:56 | indicators   | INFO     | Completed: Adding indicators to GOOGL | duration_sec=0.010945
2025-09-18 16:54:38 | indicators   | INFO     | Starting: Adding indicators to MSFT
2025-09-18 16:54:38 | indicators   | INFO     | Completed: Adding indicators to MSFT | duration_sec=0.013493
2025-09-18 16:54:38 | indicators   | INFO     | Starting: Adding indicators to NVDA
2025-09-18 16:54:38 | indicators   | INFO     | Completed: Adding indicators to NVDA | duration_sec=0.01414
2025-09-18 16:54:38 | indicators   | INFO     | Starting: Adding indicators to AAPL
2025-09-18 16:54:38 | indicators   | INFO     | Completed: Adding indicators to AAPL | duration_sec=0.014351
2025-09-18 16:54:38 | indicators   | INFO     | Starting: Adding indicators to AMZN
2025-09-18 16:54:38 | indicators   | INFO     | Completed: Adding indicators to AMZN | duration_sec=0.014754
2025-09-18 16:54:38 | indicators   | INFO     | Starting: Adding indicators to GOOGL
2025-09-18 16:54:38 | indicators   | INFO     | Completed: Adding indicators to GOOGL | duration_sec=0.012801
2025-09-18 16:55:53 | indicators   | INFO     | Starting: Adding indicators to AAPL
2025-09-18 16:55:53 | indicators   | INFO     | Completed: Adding indicators to AAPL | duration_sec=0.011991
2025-09-18 16:55:53 | indicators   | INFO     | Starting: Adding indicators to MSFT
2025-09-18 16:55:53 | indicators   | INFO     | Completed: Adding indicators to MSFT | duration_sec=0.011989
2025-09-18 16:55:53 | indicators   | INFO     | Starting: Adding indicators to AMZN
2025-09-18 16:55:53 | indicators   | INFO     | Completed: Adding indicators to AMZN | duration_sec=0.01426
2025-09-18 16:55:53 | indicators   | INFO     | Starting: Adding indicators to GOOGL
2025-09-18 16:55:53 | indicators   | INFO     | Completed: Adding indicators to GOOGL | duration_sec=0.010785
2025-09-18 16:55:53 | indicators   | INFO     | Starting: Adding indicators to JPM
2025-09-18 16:55:53 | indicators   | INFO     | Completed: Adding indicators to JPM | duration_sec=0.011707
2025-09-18 17:29:11 | indicators   | INFO     | Logger 'indicators' initialized. Log file: logs\indicators_20250918.log
2025-09-18 17:30:06 | indicators   | INFO     | Logger 'indicators' initialized. Log file: logs\indicators_20250918.log
2025-09-18 17:32:25 | indicators   | INFO     | Logger 'indicators' initialized. Log file: logs\indicators_20250918.log
2025-09-18 17:33:16 | indicators   | INFO     | Logger 'indicators' initialized. Log file: logs\indicators_20250918.log
2025-09-18 17:34:57 | indicators   | INFO     | Logger 'indicators' initialized. Log file: logs\indicators_20250918.log
2025-09-18 17:38:32 | indicators   | INFO     | Logger 'indicators' initialized. Log file: logs\indicators_20250918.log
2025-09-18 18:07:18 | indicators   | INFO     | Logger 'indicators' initialized. Log file: logs\indicators_20250918.log
2025-09-18 18:07:18 | indicators   | INFO     | Starting: Adding indicators to MSFT
2025-09-18 18:07:18 | indicators   | INFO     | Completed: Adding indicators to MSFT | duration_sec=0.019436
2025-09-18 18:07:18 | indicators   | INFO     | Starting: Adding indicators to NVDA
2025-09-18 18:07:18 | indicators   | INFO     | Completed: Adding indicators to NVDA | duration_sec=0.013968
2025-09-18 18:07:18 | indicators   | INFO     | Starting: Adding indicators to AAPL
2025-09-18 18:07:18 | indicators   | INFO     | Completed: Adding indicators to AAPL | duration_sec=0.0123
2025-09-18 18:07:18 | indicators   | INFO     | Starting: Adding indicators to AMZN
2025-09-18 18:07:18 | indicators   | INFO     | Completed: Adding indicators to AMZN | duration_sec=0.009998
2025-09-18 18:07:18 | indicators   | INFO     | Starting: Adding indicators to GOOGL
2025-09-18 18:07:18 | indicators   | INFO     | Completed: Adding indicators to GOOGL | duration_sec=0.012017
2025-09-18 20:28:46 | indicators   | INFO     | Logger 'indicators' initialized. Log file: logs\indicators_20250918.log
2025-09-18 20:28:46 | indicators   | INFO     | Starting: Adding indicators to MSFT
2025-09-18 20:28:46 | indicators   | INFO     | Completed: Adding indicators to MSFT | duration_sec=0.017296
2025-09-18 20:28:46 | indicators   | INFO     | Starting: Adding indicators to NVDA
2025-09-18 20:28:46 | indicators   | INFO     | Completed: Adding indicators to NVDA | duration_sec=0.01144
2025-09-18 20:28:46 | indicators   | INFO     | Starting: Adding indicators to AAPL
2025-09-18 20:28:46 | indicators   | INFO     | Completed: Adding indicators to AAPL | duration_sec=0.00981
2025-09-18 20:28:46 | indicators   | INFO     | Starting: Adding indicators to AMZN
2025-09-18 20:28:46 | indicators   | INFO     | Completed: Adding indicators to AMZN | duration_sec=0.009794
2025-09-18 20:28:46 | indicators   | INFO     | Starting: Adding indicators to GOOGL
2025-09-18 20:28:46 | indicators   | INFO     | Completed: Adding indicators to GOOGL | duration_sec=0.009778
2025-09-18 21:10:01 | indicators   | INFO     | Logger 'indicators' initialized. Log file: logs\indicators_20250918.log
2025-09-18 21:10:02 | indicators   | INFO     | Starting: Adding indicators to MSFT
2025-09-18 21:10:02 | indicators   | INFO     | Completed: Adding indicators to MSFT | duration_sec=0.013958
2025-09-18 21:10:03 | indicators   | INFO     | Starting: Adding indicators to NVDA
2025-09-18 21:10:03 | indicators   | INFO     | Completed: Adding indicators to NVDA | duration_sec=0.011552
2025-09-18 21:10:05 | indicators   | INFO     | Starting: Adding indicators to AAPL
2025-09-18 21:10:05 | indicators   | INFO     | Completed: Adding indicators to AAPL | duration_sec=0.013094
2025-09-18 21:10:06 | indicators   | INFO     | Starting: Adding indicators to AMZN
2025-09-18 21:10:06 | indicators   | INFO     | Completed: Adding indicators to AMZN | duration_sec=0.012563
2025-09-18 21:10:07 | indicators   | INFO     | Starting: Adding indicators to GOOGL
2025-09-18 21:10:07 | indicators   | INFO     | Completed: Adding indicators to GOOGL | duration_sec=0.010979
2025-09-18 21:10:09 | indicators   | INFO     | Starting: Adding indicators to META
2025-09-18 21:10:09 | indicators   | INFO     | Completed: Adding indicators to META | duration_sec=0.015525
2025-09-18 21:10:10 | indicators   | INFO     | Starting: Adding indicators to AVGO
2025-09-18 21:10:10 | indicators   | INFO     | Completed: Adding indicators to AVGO | duration_sec=0.01075
2025-09-18 21:10:11 | indicators   | INFO     | Starting: Adding indicators to TSLA
2025-09-18 21:10:11 | indicators   | INFO     | Completed: Adding indicators to TSLA | duration_sec=0.010776
2025-09-18 21:10:13 | indicators   | INFO     | Starting: Adding indicators to WMT
2025-09-18 21:10:13 | indicators   | INFO     | Completed: Adding indicators to WMT | duration_sec=0.011812
2025-09-18 21:10:14 | indicators   | INFO     | Starting: Adding indicators to JPM
2025-09-18 21:10:14 | indicators   | INFO     | Completed: Adding indicators to JPM | duration_sec=0.011603
2025-09-18 21:10:15 | indicators   | INFO     | Starting: Adding indicators to V
2025-09-18 21:10:15 | indicators   | INFO     | Completed: Adding indicators to V | duration_sec=0.010625
2025-09-18 21:10:16 | indicators   | INFO     | Starting: Adding indicators to SPY
2025-09-18 21:10:16 | indicators   | INFO     | Completed: Adding indicators to SPY | duration_sec=0.009862
2025-09-18 21:10:18 | indicators   | INFO     | Starting: Adding indicators to BRK.A
2025-09-18 21:10:18 | indicators   | INFO     | Completed: Adding indicators to BRK.A | duration_sec=0.011271
2025-09-18 21:13:20 | indicators   | INFO     | Starting: Adding indicators to MSFT
2025-09-18 21:13:20 | indicators   | INFO     | Completed: Adding indicators to MSFT | duration_sec=0.013907
2025-09-18 21:13:21 | indicators   | INFO     | Starting: Adding indicators to NVDA
2025-09-18 21:13:21 | indicators   | INFO     | Completed: Adding indicators to NVDA | duration_sec=0.011886
2025-09-18 21:13:23 | indicators   | INFO     | Starting: Adding indicators to AAPL
2025-09-18 21:13:23 | indicators   | INFO     | Completed: Adding indicators to AAPL | duration_sec=0.011441
2025-09-18 21:13:24 | indicators   | INFO     | Starting: Adding indicators to AMZN
2025-09-18 21:13:24 | indicators   | INFO     | Completed: Adding indicators to AMZN | duration_sec=0.014338
2025-09-18 21:13:25 | indicators   | INFO     | Starting: Adding indicators to GOOGL
2025-09-18 21:13:25 | indicators   | INFO     | Completed: Adding indicators to GOOGL | duration_sec=0.01095
2025-09-18 21:13:27 | indicators   | INFO     | Starting: Adding indicators to META
2025-09-18 21:13:27 | indicators   | INFO     | Completed: Adding indicators to META | duration_sec=0.010614
2025-09-18 21:13:28 | indicators   | INFO     | Starting: Adding indicators to AVGO
2025-09-18 21:13:28 | indicators   | INFO     | Completed: Adding indicators to AVGO | duration_sec=0.010416
2025-09-18 21:13:29 | indicators   | INFO     | Starting: Adding indicators to TSLA
2025-09-18 21:13:29 | indicators   | INFO     | Completed: Adding indicators to TSLA | duration_sec=0.013228
2025-09-18 21:13:31 | indicators   | INFO     | Starting: Adding indicators to WMT
2025-09-18 21:13:31 | indicators   | INFO     | Completed: Adding indicators to WMT | duration_sec=0.016459
2025-09-18 21:13:32 | indicators   | INFO     | Starting: Adding indicators to JPM
2025-09-18 21:13:32 | indicators   | INFO     | Completed: Adding indicators to JPM | duration_sec=0.013333
2025-09-18 21:13:33 | indicators   | INFO     | Starting: Adding indicators to V
2025-09-18 21:13:33 | indicators   | INFO     | Completed: Adding indicators to V | duration_sec=0.013233
2025-09-18 21:13:35 | indicators   | INFO     | Starting: Adding indicators to SPY
2025-09-18 21:13:35 | indicators   | INFO     | Completed: Adding indicators to SPY | duration_sec=0.0108
2025-09-18 21:13:36 | indicators   | INFO     | Starting: Adding indicators to BRK.A
2025-09-18 21:13:36 | indicators   | INFO     | Completed: Adding indicators to BRK.A | duration_sec=0.015294
