2025-09-18 16:08:54 | trading_engine | INFO     | Logger 'trading_engine' initialized. Log file: logs\trading_engine_20250918.log
2025-09-18 16:08:54 | trading_engine | INFO     | Trading engine initialized | mode=BACKTEST
2025-09-18 16:08:54 | trading_engine | INFO     | Starting: Initializing trading components
2025-09-18 16:08:54 | trading_engine | INFO     | All components initialized successfully
2025-09-18 16:08:54 | trading_engine | INFO     | Completed: Initializing trading components | duration_sec=0.014585
2025-09-18 16:08:54 | trading_engine | INFO     | Trading session started | mode=BACKTEST
2025-09-18 16:08:54 | trading_engine | INFO     | Starting: Running backtest
2025-09-18 16:08:54 | trading_engine | INFO     | Generated mock data for 5 symbols
2025-09-18 16:08:54 | trading_engine | INFO     | Completed: data_fetch | duration_sec=0.081491
2025-09-18 16:08:54 | trading_engine | INFO     | Prepared data for 5 symbols with symbol-specific calendars
2025-09-18 16:08:54 | trading_engine | INFO     | Backtesting over 656 trading days
2025-09-18 16:08:54 | trading_engine | INFO     | Backtest progress: 0/656 (0.0%)
2025-09-18 16:08:55 | trading_engine | INFO     | Backtest progress: 50/656 (7.6%)
2025-09-18 16:08:55 | trading_engine | INFO     | Backtest progress: 100/656 (15.2%)
2025-09-18 16:08:56 | trading_engine | INFO     | Backtest progress: 150/656 (22.9%)
2025-09-18 16:08:57 | trading_engine | INFO     | Backtest progress: 200/656 (30.5%)
2025-09-18 16:08:58 | trading_engine | INFO     | Backtest progress: 250/656 (38.1%)
2025-09-18 16:08:59 | trading_engine | INFO     | Backtest progress: 300/656 (45.7%)
2025-09-18 16:09:00 | trading_engine | INFO     | Backtest progress: 350/656 (53.4%)
2025-09-18 16:09:01 | trading_engine | INFO     | Backtest progress: 400/656 (61.0%)
2025-09-18 16:09:01 | trading_engine | INFO     | Backtest progress: 450/656 (68.6%)
2025-09-18 16:09:02 | trading_engine | INFO     | Backtest progress: 500/656 (76.2%)
2025-09-18 16:09:03 | trading_engine | INFO     | Backtest progress: 550/656 (83.8%)
2025-09-18 16:09:04 | trading_engine | INFO     | Backtest progress: 600/656 (91.5%)
2025-09-18 16:09:05 | trading_engine | INFO     | Backtest progress: 650/656 (99.1%)
2025-09-18 16:09:05 | trading_engine | INFO     | Backtest completed | total_return_pct=-6.464985893605553 | total_trades=53 | win_rate=30.18867924528302
2025-09-18 16:09:05 | trading_engine | INFO     | Completed: Running backtest | duration_sec=11.580472
2025-09-18 16:09:05 | trading_engine | INFO     | Stopping trading session...
2025-09-18 16:09:05 | trading_engine | INFO     | Trading session stopped
2025-09-18 16:53:18 | trading_engine | INFO     | Logger 'trading_engine' initialized. Log file: logs\trading_engine_20250918.log
2025-09-18 16:53:18 | trading_engine | INFO     | Trading engine initialized | mode=BACKTEST
2025-09-18 16:53:18 | trading_engine | INFO     | Starting: Initializing trading components
2025-09-18 16:53:18 | trading_engine | INFO     | All components initialized successfully
2025-09-18 16:53:18 | trading_engine | INFO     | Completed: Initializing trading components | duration_sec=0.010067
2025-09-18 16:53:18 | trading_engine | INFO     | Trading session started | mode=BACKTEST
2025-09-18 16:53:18 | trading_engine | INFO     | Starting: Running backtest
2025-09-18 16:53:18 | trading_engine | INFO     | Generated mock data for 5 symbols
2025-09-18 16:53:18 | trading_engine | INFO     | Completed: data_fetch | duration_sec=0.072938
2025-09-18 16:53:18 | trading_engine | INFO     | Prepared data for 5 symbols with symbol-specific calendars
2025-09-18 16:53:18 | trading_engine | INFO     | Backtesting over 656 trading days
2025-09-18 16:53:18 | trading_engine | INFO     | Backtest progress: 0/656 (0.0%)
2025-09-18 16:53:19 | trading_engine | INFO     | Backtest progress: 50/656 (7.6%)
2025-09-18 16:53:20 | trading_engine | INFO     | Backtest progress: 100/656 (15.2%)
2025-09-18 16:53:21 | trading_engine | INFO     | Backtest progress: 150/656 (22.9%)
2025-09-18 16:53:22 | trading_engine | INFO     | Backtest progress: 200/656 (30.5%)
2025-09-18 16:53:23 | trading_engine | INFO     | Backtest progress: 250/656 (38.1%)
2025-09-18 16:53:23 | trading_engine | INFO     | Backtest progress: 300/656 (45.7%)
2025-09-18 16:53:24 | trading_engine | INFO     | Backtest progress: 350/656 (53.4%)
2025-09-18 16:53:25 | trading_engine | INFO     | Backtest progress: 400/656 (61.0%)
2025-09-18 16:53:26 | trading_engine | INFO     | Backtest progress: 450/656 (68.6%)
2025-09-18 16:53:27 | trading_engine | INFO     | Backtest progress: 500/656 (76.2%)
2025-09-18 16:53:27 | trading_engine | INFO     | Backtest progress: 550/656 (83.8%)
2025-09-18 16:53:28 | trading_engine | INFO     | Backtest progress: 600/656 (91.5%)
2025-09-18 16:53:29 | trading_engine | INFO     | Backtest progress: 650/656 (99.1%)
2025-09-18 16:53:29 | trading_engine | INFO     | Backtest completed | total_return_pct=-4.270806022393226 | total_trades=48 | win_rate=37.5
2025-09-18 16:53:29 | trading_engine | INFO     | Completed: Running backtest | duration_sec=11.047608
2025-09-18 16:53:29 | trading_engine | INFO     | Stopping trading session...
2025-09-18 16:53:29 | trading_engine | INFO     | Trading session stopped
2025-09-18 16:53:56 | trading_engine | INFO     | Trading engine initialized | mode=BACKTEST
2025-09-18 16:53:56 | trading_engine | INFO     | Starting: Initializing trading components
2025-09-18 16:53:56 | trading_engine | INFO     | All components initialized successfully
2025-09-18 16:53:56 | trading_engine | INFO     | Completed: Initializing trading components | duration_sec=0.00283
2025-09-18 16:53:56 | trading_engine | INFO     | Trading session started | mode=BACKTEST
2025-09-18 16:53:56 | trading_engine | INFO     | Starting: Running backtest
2025-09-18 16:53:56 | trading_engine | INFO     | Generated mock data for 5 symbols
2025-09-18 16:53:56 | trading_engine | INFO     | Completed: data_fetch | duration_sec=0.063079
2025-09-18 16:53:56 | trading_engine | INFO     | Prepared data for 5 symbols with symbol-specific calendars
2025-09-18 16:53:56 | trading_engine | INFO     | Backtesting over 656 trading days
2025-09-18 16:53:56 | trading_engine | INFO     | Backtest progress: 0/656 (0.0%)
2025-09-18 16:53:57 | trading_engine | INFO     | Backtest progress: 50/656 (7.6%)
2025-09-18 16:53:58 | trading_engine | INFO     | Backtest progress: 100/656 (15.2%)
2025-09-18 16:53:59 | trading_engine | INFO     | Backtest progress: 150/656 (22.9%)
2025-09-18 16:54:00 | trading_engine | INFO     | Backtest progress: 200/656 (30.5%)
2025-09-18 16:54:01 | trading_engine | INFO     | Backtest progress: 250/656 (38.1%)
2025-09-18 16:54:02 | trading_engine | INFO     | Backtest progress: 300/656 (45.7%)
2025-09-18 16:54:03 | trading_engine | INFO     | Backtest progress: 350/656 (53.4%)
2025-09-18 16:54:04 | trading_engine | INFO     | Backtest progress: 400/656 (61.0%)
2025-09-18 16:54:04 | trading_engine | INFO     | Backtest progress: 450/656 (68.6%)
2025-09-18 16:54:05 | trading_engine | INFO     | Backtest progress: 500/656 (76.2%)
2025-09-18 16:54:06 | trading_engine | INFO     | Backtest progress: 550/656 (83.8%)
2025-09-18 16:54:07 | trading_engine | INFO     | Backtest progress: 600/656 (91.5%)
2025-09-18 16:54:08 | trading_engine | INFO     | Backtest progress: 650/656 (99.1%)
2025-09-18 16:54:08 | trading_engine | INFO     | Backtest completed | total_return_pct=-11.572225826764916 | total_trades=50 | win_rate=28.000000000000004
2025-09-18 16:54:08 | trading_engine | INFO     | Completed: Running backtest | duration_sec=11.514003
2025-09-18 16:54:08 | trading_engine | INFO     | Stopping trading session...
2025-09-18 16:54:08 | trading_engine | INFO     | Trading session stopped
2025-09-18 16:54:38 | trading_engine | INFO     | Trading engine initialized | mode=BACKTEST
2025-09-18 16:54:38 | trading_engine | INFO     | Starting: Initializing trading components
2025-09-18 16:54:38 | trading_engine | INFO     | All components initialized successfully
2025-09-18 16:54:38 | trading_engine | INFO     | Completed: Initializing trading components | duration_sec=0.022216
2025-09-18 16:54:38 | trading_engine | INFO     | Trading session started | mode=BACKTEST
2025-09-18 16:54:38 | trading_engine | INFO     | Starting: Running backtest
2025-09-18 16:54:38 | trading_engine | INFO     | Generated mock data for 5 symbols
2025-09-18 16:54:38 | trading_engine | INFO     | Completed: data_fetch | duration_sec=0.079608
2025-09-18 16:54:38 | trading_engine | INFO     | Prepared data for 5 symbols with symbol-specific calendars
2025-09-18 16:54:38 | trading_engine | INFO     | Backtesting over 656 trading days
2025-09-18 16:54:38 | trading_engine | INFO     | Backtest progress: 0/656 (0.0%)
2025-09-18 16:54:39 | trading_engine | INFO     | Backtest progress: 50/656 (7.6%)
2025-09-18 16:54:40 | trading_engine | INFO     | Backtest progress: 100/656 (15.2%)
2025-09-18 16:54:41 | trading_engine | INFO     | Backtest progress: 150/656 (22.9%)
2025-09-18 16:54:41 | trading_engine | INFO     | Backtest progress: 200/656 (30.5%)
2025-09-18 16:54:42 | trading_engine | INFO     | Backtest progress: 250/656 (38.1%)
2025-09-18 16:54:43 | trading_engine | INFO     | Backtest progress: 300/656 (45.7%)
2025-09-18 16:54:44 | trading_engine | INFO     | Backtest progress: 350/656 (53.4%)
2025-09-18 16:54:45 | trading_engine | INFO     | Backtest progress: 400/656 (61.0%)
2025-09-18 16:54:46 | trading_engine | INFO     | Backtest progress: 450/656 (68.6%)
2025-09-18 16:54:47 | trading_engine | INFO     | Backtest progress: 500/656 (76.2%)
2025-09-18 16:54:47 | trading_engine | INFO     | Backtest progress: 550/656 (83.8%)
2025-09-18 16:54:48 | trading_engine | INFO     | Backtest progress: 600/656 (91.5%)
2025-09-18 16:54:49 | trading_engine | INFO     | Backtest progress: 650/656 (99.1%)
2025-09-18 16:54:49 | trading_engine | INFO     | Backtest completed | total_return_pct=24.022553649378988 | total_trades=43 | win_rate=41.86046511627907
2025-09-18 16:54:49 | trading_engine | INFO     | Completed: Running backtest | duration_sec=11.314172
2025-09-18 16:54:49 | trading_engine | INFO     | Stopping trading session...
2025-09-18 16:54:49 | trading_engine | INFO     | Trading session stopped
2025-09-18 16:55:53 | trading_engine | INFO     | Trading engine initialized | mode=BACKTEST
2025-09-18 16:55:53 | trading_engine | INFO     | Starting: Initializing trading components
2025-09-18 16:55:53 | trading_engine | INFO     | All components initialized successfully
2025-09-18 16:55:53 | trading_engine | INFO     | Completed: Initializing trading components | duration_sec=0.01649
2025-09-18 16:55:53 | trading_engine | INFO     | Trading session started | mode=BACKTEST
2025-09-18 16:55:53 | trading_engine | INFO     | Starting: Running backtest
2025-09-18 16:55:53 | trading_engine | INFO     | Generated mock data for 5 symbols
2025-09-18 16:55:53 | trading_engine | INFO     | Completed: data_fetch | duration_sec=0.070912
2025-09-18 16:55:53 | trading_engine | INFO     | Prepared data for 5 symbols with symbol-specific calendars
2025-09-18 16:55:53 | trading_engine | INFO     | Backtesting over 656 trading days
2025-09-18 16:55:53 | trading_engine | INFO     | Backtest progress: 0/656 (0.0%)
2025-09-18 16:55:54 | trading_engine | INFO     | Backtest progress: 50/656 (7.6%)
2025-09-18 16:55:55 | trading_engine | INFO     | Backtest progress: 100/656 (15.2%)
2025-09-18 16:55:56 | trading_engine | INFO     | Backtest progress: 150/656 (22.9%)
2025-09-18 16:55:56 | trading_engine | INFO     | Backtest progress: 200/656 (30.5%)
2025-09-18 16:55:57 | trading_engine | INFO     | Backtest progress: 250/656 (38.1%)
2025-09-18 16:55:58 | trading_engine | INFO     | Backtest progress: 300/656 (45.7%)
2025-09-18 16:55:59 | trading_engine | INFO     | Backtest progress: 350/656 (53.4%)
2025-09-18 16:56:00 | trading_engine | INFO     | Backtest progress: 400/656 (61.0%)
2025-09-18 16:56:01 | trading_engine | INFO     | Backtest progress: 450/656 (68.6%)
2025-09-18 16:56:02 | trading_engine | INFO     | Backtest progress: 500/656 (76.2%)
2025-09-18 16:56:02 | trading_engine | INFO     | Backtest progress: 550/656 (83.8%)
2025-09-18 16:56:03 | trading_engine | INFO     | Backtest progress: 600/656 (91.5%)
2025-09-18 16:56:04 | trading_engine | INFO     | Backtest progress: 650/656 (99.1%)
2025-09-18 16:56:04 | trading_engine | INFO     | Backtest completed | total_return_pct=-9.53169562819061 | total_trades=57 | win_rate=33.33333333333333
2025-09-18 16:56:04 | trading_engine | INFO     | Completed: Running backtest | duration_sec=11.443348
2025-09-18 16:56:04 | trading_engine | INFO     | Stopping trading session...
2025-09-18 16:56:04 | trading_engine | INFO     | Trading session stopped
2025-09-18 17:29:11 | trading_engine | INFO     | Logger 'trading_engine' initialized. Log file: logs\trading_engine_20250918.log
2025-09-18 17:29:11 | trading_engine | INFO     | Trading engine initialized | mode=BACKTEST
2025-09-18 17:29:11 | trading_engine | INFO     | Starting: Initializing trading components
2025-09-18 17:29:11 | trading_engine | WARNING  | No IB app provided - will use mock data
2025-09-18 17:29:11 | trading_engine | INFO     | All components initialized successfully
2025-09-18 17:29:11 | trading_engine | INFO     | Completed: Initializing trading components | duration_sec=0.011027
2025-09-18 17:29:11 | trading_engine | INFO     | Trading session started | mode=BACKTEST
2025-09-18 17:29:11 | trading_engine | INFO     | Starting: Running backtest
2025-09-18 17:29:11 | trading_engine | INFO     | Backtest parameters: symbols=['MSFT', 'NVDA', 'AAPL', 'AMZN', 'GOOGL', 'META', 'AVGO', 'TSLA', 'WMT', 'JPM', 'V', 'SPY', 'BRK.A'], start=2020-01-01, end=2025-09-18
2025-09-18 17:29:11 | trading_engine | WARNING  | ⚠️ USING MOCK DATA - No IB connection
2025-09-18 17:29:11 | trading_engine | WARNING  | ⚠️ Generating MOCK data (not real market data)
2025-09-18 17:29:11 | trading_engine | ERROR    | Failed: Running backtest | duration_sec=0.002224 | error=TradingEngine._generate_mock_data() takes 2 positional arguments but 4 were given
2025-09-18 17:29:11 | trading_engine | ERROR    | Backtest failed | error=TradingEngine._generate_mock_data() takes 2 positional arguments but 4 were given
2025-09-18 17:29:11 | trading_engine | INFO     | Stopping trading session...
2025-09-18 17:29:11 | trading_engine | INFO     | Trading session stopped
2025-09-18 17:30:06 | trading_engine | INFO     | Logger 'trading_engine' initialized. Log file: logs\trading_engine_20250918.log
2025-09-18 17:30:06 | trading_engine | INFO     | Trading engine initialized | mode=BACKTEST
2025-09-18 17:30:06 | trading_engine | INFO     | Starting: Initializing trading components
2025-09-18 17:30:06 | trading_engine | WARNING  | No IB app provided - will use mock data
2025-09-18 17:30:06 | trading_engine | INFO     | All components initialized successfully
2025-09-18 17:30:06 | trading_engine | INFO     | Completed: Initializing trading components | duration_sec=0.011759
2025-09-18 17:30:06 | trading_engine | INFO     | Trading session started | mode=BACKTEST
2025-09-18 17:30:06 | trading_engine | INFO     | Starting: Running backtest
2025-09-18 17:30:06 | trading_engine | INFO     | Backtest parameters: symbols=['MSFT', 'NVDA', 'AAPL', 'AMZN', 'GOOGL', 'META', 'AVGO', 'TSLA', 'WMT', 'JPM', 'V', 'SPY', 'BRK.A'], start=2020-01-01, end=2025-09-18
2025-09-18 17:30:06 | trading_engine | WARNING  | ⚠️ USING MOCK DATA - No IB connection
2025-09-18 17:30:06 | trading_engine | WARNING  | ⚠️ Generating MOCK data (not real market data)
2025-09-18 17:30:06 | trading_engine | ERROR    | Failed: Running backtest | duration_sec=0.001549 | error=TradingEngine._generate_mock_data() takes 2 positional arguments but 4 were given
2025-09-18 17:30:06 | trading_engine | ERROR    | Backtest failed | error=TradingEngine._generate_mock_data() takes 2 positional arguments but 4 were given
2025-09-18 17:30:06 | trading_engine | INFO     | Stopping trading session...
2025-09-18 17:30:06 | trading_engine | INFO     | Trading session stopped
2025-09-18 17:32:25 | trading_engine | INFO     | Logger 'trading_engine' initialized. Log file: logs\trading_engine_20250918.log
2025-09-18 17:32:25 | trading_engine | INFO     | Trading engine initialized | mode=BACKTEST
2025-09-18 17:32:25 | trading_engine | INFO     | Starting: Initializing trading components
2025-09-18 17:32:25 | trading_engine | WARNING  | No IB app provided - will use mock data
2025-09-18 17:32:26 | trading_engine | INFO     | All components initialized successfully
2025-09-18 17:32:26 | trading_engine | INFO     | Completed: Initializing trading components | duration_sec=0.030664
2025-09-18 17:32:26 | trading_engine | INFO     | Trading session started | mode=BACKTEST
2025-09-18 17:32:26 | trading_engine | INFO     | Starting: Running backtest
2025-09-18 17:32:26 | trading_engine | INFO     | Backtest parameters: symbols=['MSFT', 'NVDA', 'AAPL', 'AMZN', 'GOOGL', 'META', 'AVGO', 'TSLA', 'WMT', 'JPM', 'V', 'SPY', 'BRK.A'], start=2020-01-01, end=2025-09-18
2025-09-18 17:32:26 | trading_engine | WARNING  | ⚠️ USING MOCK DATA - No IB connection
2025-09-18 17:32:26 | trading_engine | WARNING  | ⚠️ Generating MOCK data (not real market data)
2025-09-18 17:32:26 | trading_engine | ERROR    | Failed: Running backtest | duration_sec=0.001749 | error=TradingEngine._generate_mock_data() takes 2 positional arguments but 4 were given
2025-09-18 17:32:26 | trading_engine | ERROR    | Backtest failed | error=TradingEngine._generate_mock_data() takes 2 positional arguments but 4 were given
2025-09-18 17:32:26 | trading_engine | INFO     | Stopping trading session...
2025-09-18 17:32:26 | trading_engine | INFO     | Trading session stopped
2025-09-18 17:33:16 | trading_engine | INFO     | Logger 'trading_engine' initialized. Log file: logs\trading_engine_20250918.log
2025-09-18 17:33:16 | trading_engine | INFO     | Trading engine initialized | mode=BACKTEST
2025-09-18 17:33:16 | trading_engine | INFO     | Starting: Initializing trading components
2025-09-18 17:33:16 | trading_engine | WARNING  | No IB app provided - will use mock data
2025-09-18 17:33:16 | trading_engine | INFO     | All components initialized successfully
2025-09-18 17:33:16 | trading_engine | INFO     | Completed: Initializing trading components | duration_sec=0.010684
2025-09-18 17:33:16 | trading_engine | INFO     | Trading session started | mode=BACKTEST
2025-09-18 17:33:16 | trading_engine | INFO     | Starting: Running backtest
2025-09-18 17:33:16 | trading_engine | INFO     | Backtest parameters: symbols=['MSFT', 'NVDA', 'AAPL', 'AMZN', 'GOOGL', 'META', 'AVGO', 'TSLA', 'WMT', 'JPM', 'V', 'SPY', 'BRK.A'], start=2020-01-01, end=2025-09-18
2025-09-18 17:33:16 | trading_engine | WARNING  | ⚠️ USING MOCK DATA - No IB connection
2025-09-18 17:33:16 | trading_engine | WARNING  | ⚠️ Generating MOCK data (not real market data)
2025-09-18 17:33:16 | trading_engine | ERROR    | Failed: Running backtest | duration_sec=0.001841 | error=TradingEngine._generate_mock_data() takes 2 positional arguments but 4 were given
2025-09-18 17:33:16 | trading_engine | ERROR    | Backtest failed | error=TradingEngine._generate_mock_data() takes 2 positional arguments but 4 were given
2025-09-18 17:33:16 | trading_engine | INFO     | Stopping trading session...
2025-09-18 17:33:16 | trading_engine | INFO     | Trading session stopped
2025-09-18 17:34:57 | trading_engine | INFO     | Logger 'trading_engine' initialized. Log file: logs\trading_engine_20250918.log
2025-09-18 17:34:57 | trading_engine | INFO     | Trading engine initialized | mode=BACKTEST
2025-09-18 17:34:57 | trading_engine | INFO     | Starting: Initializing trading components
2025-09-18 17:34:57 | trading_engine | WARNING  | No IB app provided - will use mock data
2025-09-18 17:34:57 | trading_engine | INFO     | All components initialized successfully
2025-09-18 17:34:57 | trading_engine | INFO     | Completed: Initializing trading components | duration_sec=0.011577
2025-09-18 17:34:57 | trading_engine | INFO     | Trading session started | mode=BACKTEST
2025-09-18 17:34:57 | trading_engine | INFO     | Starting: Running backtest
2025-09-18 17:34:57 | trading_engine | INFO     | Backtest parameters: symbols=['MSFT', 'NVDA', 'AAPL', 'AMZN', 'GOOGL', 'META', 'AVGO', 'TSLA', 'WMT', 'JPM', 'V', 'SPY', 'BRK.A'], start=2023-01-01, end=2025-09-18
2025-09-18 17:34:57 | trading_engine | WARNING  | ⚠️ USING MOCK DATA - No IB connection
2025-09-18 17:34:57 | trading_engine | WARNING  | ⚠️ Generating MOCK data (not real market data)
2025-09-18 17:34:57 | trading_engine | ERROR    | Failed: Running backtest | duration_sec=0.001898 | error=TradingEngine._generate_mock_data() takes 2 positional arguments but 4 were given
2025-09-18 17:34:57 | trading_engine | ERROR    | Backtest failed | error=TradingEngine._generate_mock_data() takes 2 positional arguments but 4 were given
2025-09-18 17:34:57 | trading_engine | INFO     | Stopping trading session...
2025-09-18 17:34:57 | trading_engine | INFO     | Trading session stopped
2025-09-18 17:35:16 | trading_engine | INFO     | Trading engine initialized | mode=BACKTEST
2025-09-18 17:35:16 | trading_engine | INFO     | Starting: Initializing trading components
2025-09-18 17:35:16 | trading_engine | WARNING  | No IB app provided - will use mock data
2025-09-18 17:35:16 | trading_engine | INFO     | All components initialized successfully
2025-09-18 17:35:16 | trading_engine | INFO     | Completed: Initializing trading components | duration_sec=0.002548
2025-09-18 17:35:16 | trading_engine | INFO     | Trading session started | mode=BACKTEST
2025-09-18 17:35:16 | trading_engine | INFO     | Starting: Running backtest
2025-09-18 17:35:16 | trading_engine | INFO     | Backtest parameters: symbols=['MSFT', 'NVDA', 'AAPL', 'AMZN', 'GOOGL', 'META', 'AVGO', 'TSLA', 'WMT', 'JPM', 'V', 'SPY', 'BRK.A'], start=2020-01-01, end=2025-09-18
2025-09-18 17:35:16 | trading_engine | WARNING  | ⚠️ USING MOCK DATA - No IB connection
2025-09-18 17:35:16 | trading_engine | WARNING  | ⚠️ Generating MOCK data (not real market data)
2025-09-18 17:35:16 | trading_engine | ERROR    | Failed: Running backtest | duration_sec=0.001517 | error=TradingEngine._generate_mock_data() takes 2 positional arguments but 4 were given
2025-09-18 17:35:16 | trading_engine | ERROR    | Backtest failed | error=TradingEngine._generate_mock_data() takes 2 positional arguments but 4 were given
2025-09-18 17:35:16 | trading_engine | INFO     | Stopping trading session...
2025-09-18 17:35:16 | trading_engine | INFO     | Trading session stopped
2025-09-18 17:38:32 | trading_engine | INFO     | Logger 'trading_engine' initialized. Log file: logs\trading_engine_20250918.log
2025-09-18 17:38:32 | trading_engine | INFO     | Trading engine initialized | mode=BACKTEST
2025-09-18 17:38:32 | trading_engine | INFO     | Starting: Initializing trading components
2025-09-18 17:38:32 | trading_engine | WARNING  | No IB app provided - will use mock data
2025-09-18 17:38:32 | trading_engine | INFO     | All components initialized successfully
2025-09-18 17:38:32 | trading_engine | INFO     | Completed: Initializing trading components | duration_sec=0.010778
2025-09-18 17:38:32 | trading_engine | INFO     | Trading session started | mode=BACKTEST
2025-09-18 17:38:32 | trading_engine | INFO     | Starting: Running backtest
2025-09-18 17:38:32 | trading_engine | INFO     | Backtest parameters: symbols=['MSFT', 'NVDA', 'AAPL', 'AMZN', 'GOOGL', 'META', 'AVGO', 'TSLA', 'WMT', 'JPM', 'V', 'SPY', 'BRK.A'], start=2023-01-01, end=2025-09-18
2025-09-18 17:38:32 | trading_engine | WARNING  | ⚠️ USING MOCK DATA - No IB connection
2025-09-18 17:38:32 | trading_engine | WARNING  | ⚠️ Generating MOCK data (not real market data)
2025-09-18 17:38:32 | trading_engine | ERROR    | Failed: Running backtest | duration_sec=0.002058 | error=TradingEngine._generate_mock_data() takes 2 positional arguments but 4 were given
2025-09-18 17:38:32 | trading_engine | ERROR    | Backtest failed | error=TradingEngine._generate_mock_data() takes 2 positional arguments but 4 were given
2025-09-18 17:38:32 | trading_engine | INFO     | Stopping trading session...
2025-09-18 17:38:32 | trading_engine | INFO     | Trading session stopped
2025-09-18 17:53:04 | trading_engine | INFO     | Trading engine initialized | mode=BACKTEST
2025-09-18 17:53:04 | trading_engine | INFO     | Starting: Initializing trading components
2025-09-18 17:53:04 | trading_engine | WARNING  | No IB app provided - will use mock data
2025-09-18 17:53:04 | trading_engine | INFO     | All components initialized successfully
2025-09-18 17:53:04 | trading_engine | INFO     | Completed: Initializing trading components | duration_sec=0.002563
2025-09-18 17:53:04 | trading_engine | INFO     | Trading session started | mode=BACKTEST
2025-09-18 17:53:04 | trading_engine | INFO     | Starting: Running backtest
2025-09-18 17:53:04 | trading_engine | INFO     | Backtest parameters: symbols=['MSFT', 'NVDA', 'AAPL', 'AMZN', 'GOOGL', 'META', 'AVGO', 'TSLA', 'WMT', 'JPM', 'V', 'SPY', 'BRK.A'], start=2023-01-01, end=2025-09-18
2025-09-18 17:53:04 | trading_engine | WARNING  | ⚠️ USING MOCK DATA - No IB connection
2025-09-18 17:53:04 | trading_engine | WARNING  | ⚠️ Generating MOCK data (not real market data)
2025-09-18 17:53:04 | trading_engine | ERROR    | Failed: Running backtest | duration_sec=0.001449 | error=TradingEngine._generate_mock_data() takes 2 positional arguments but 4 were given
2025-09-18 17:53:04 | trading_engine | ERROR    | Backtest failed | error=TradingEngine._generate_mock_data() takes 2 positional arguments but 4 were given
2025-09-18 17:53:04 | trading_engine | INFO     | Stopping trading session...
2025-09-18 17:53:04 | trading_engine | INFO     | Trading session stopped
2025-09-18 18:07:18 | trading_engine | INFO     | Logger 'trading_engine' initialized. Log file: logs\trading_engine_20250918.log
2025-09-18 18:07:18 | trading_engine | INFO     | Trading engine initialized | mode=BACKTEST
2025-09-18 18:07:18 | trading_engine | INFO     | Starting: Initializing trading components
2025-09-18 18:07:18 | trading_engine | WARNING  | No IB app provided - will use mock data
2025-09-18 18:07:18 | trading_engine | INFO     | All components initialized successfully
2025-09-18 18:07:18 | trading_engine | INFO     | Completed: Initializing trading components | duration_sec=0.01152
2025-09-18 18:07:18 | trading_engine | INFO     | Trading session started | mode=BACKTEST
2025-09-18 18:07:18 | trading_engine | INFO     | Starting: Running backtest
2025-09-18 18:07:18 | trading_engine | INFO     | Backtest parameters: symbols=['MSFT', 'NVDA', 'AAPL', 'AMZN', 'GOOGL', 'META', 'AVGO', 'TSLA', 'WMT', 'JPM', 'V', 'SPY', 'BRK.A'], start=2023-01-01, end=2025-09-18
2025-09-18 18:07:18 | trading_engine | WARNING  | ⚠️ USING MOCK DATA - No IB connection
2025-09-18 18:07:18 | trading_engine | WARNING  | ⚠️ Generating MOCK data (not real market data)
2025-09-18 18:07:18 | trading_engine | INFO     | Generating mock data for date range: 2023-01-01 to 2025-09-18
2025-09-18 18:07:18 | trading_engine | INFO     | Generated mock data for 5 symbols
2025-09-18 18:07:18 | trading_engine | INFO     | Completed: data_fetch | duration_sec=0.082817
2025-09-18 18:07:18 | trading_engine | INFO     | Prepared data for 5 symbols with symbol-specific calendars
2025-09-18 18:07:18 | trading_engine | INFO     | Backtesting over 917 trading days
2025-09-18 18:07:18 | trading_engine | INFO     | Backtest progress: 0/917 (0.0%)
2025-09-18 18:07:19 | trading_engine | INFO     | Backtest progress: 50/917 (5.5%)
2025-09-18 18:07:21 | trading_engine | INFO     | Backtest progress: 100/917 (10.9%)
2025-09-18 18:07:22 | trading_engine | INFO     | Backtest progress: 150/917 (16.4%)
2025-09-18 18:07:24 | trading_engine | INFO     | Backtest progress: 200/917 (21.8%)
2025-09-18 18:07:25 | trading_engine | INFO     | Backtest progress: 250/917 (27.3%)
2025-09-18 18:07:26 | trading_engine | INFO     | Backtest progress: 300/917 (32.7%)
2025-09-18 18:07:27 | trading_engine | INFO     | Backtest progress: 350/917 (38.2%)
2025-09-18 18:07:28 | trading_engine | INFO     | Backtest progress: 400/917 (43.6%)
2025-09-18 18:07:29 | trading_engine | INFO     | Backtest progress: 450/917 (49.1%)
2025-09-18 18:07:30 | trading_engine | INFO     | Backtest progress: 500/917 (54.5%)
2025-09-18 18:07:31 | trading_engine | INFO     | Backtest progress: 550/917 (60.0%)
2025-09-18 18:07:32 | trading_engine | INFO     | Backtest progress: 600/917 (65.4%)
2025-09-18 18:07:33 | trading_engine | INFO     | Backtest progress: 650/917 (70.9%)
2025-09-18 18:07:34 | trading_engine | INFO     | Backtest progress: 700/917 (76.3%)
2025-09-18 18:07:35 | trading_engine | INFO     | Backtest progress: 750/917 (81.8%)
2025-09-18 18:07:36 | trading_engine | INFO     | Backtest progress: 800/917 (87.2%)
2025-09-18 18:07:37 | trading_engine | INFO     | Backtest progress: 850/917 (92.7%)
2025-09-18 18:07:38 | trading_engine | INFO     | Backtest progress: 900/917 (98.1%)
2025-09-18 18:07:39 | trading_engine | INFO     | Backtest completed | total_return_pct=11.692060552026978 | total_trades=68 | win_rate=36.76470588235294
2025-09-18 18:07:39 | trading_engine | INFO     | Completed: Running backtest | duration_sec=20.445485
2025-09-18 18:07:39 | trading_engine | INFO     | Stopping trading session...
2025-09-18 18:07:39 | trading_engine | INFO     | Trading session stopped
2025-09-18 20:28:46 | trading_engine | INFO     | Logger 'trading_engine' initialized. Log file: logs\trading_engine_20250918.log
2025-09-18 20:28:46 | trading_engine | INFO     | Trading engine initialized | mode=BACKTEST
2025-09-18 20:28:46 | trading_engine | INFO     | Starting: Initializing trading components
2025-09-18 20:28:46 | trading_engine | WARNING  | No IB app provided - will use mock data
2025-09-18 20:28:46 | trading_engine | INFO     | All components initialized successfully
2025-09-18 20:28:46 | trading_engine | INFO     | Completed: Initializing trading components | duration_sec=0.010925
2025-09-18 20:28:46 | trading_engine | INFO     | Trading session started | mode=BACKTEST
2025-09-18 20:28:46 | trading_engine | INFO     | Starting: Running backtest
2025-09-18 20:28:46 | trading_engine | INFO     | Backtest parameters: symbols=['MSFT', 'NVDA', 'AAPL', 'AMZN', 'GOOGL', 'META', 'AVGO', 'TSLA', 'WMT', 'JPM', 'V', 'SPY', 'BRK.A'], start=2023-01-01, end=2025-09-18
2025-09-18 20:28:46 | trading_engine | WARNING  | ⚠️ USING MOCK DATA - No IB connection
2025-09-18 20:28:46 | trading_engine | WARNING  | ⚠️ Generating MOCK data (not real market data)
2025-09-18 20:28:46 | trading_engine | INFO     | Generating mock data for date range: 2023-01-01 to 2025-09-18
2025-09-18 20:28:46 | trading_engine | INFO     | Generated mock data for 5 symbols
2025-09-18 20:28:46 | trading_engine | INFO     | Completed: data_fetch | duration_sec=0.068539
2025-09-18 20:28:46 | trading_engine | INFO     | Prepared data for 5 symbols with symbol-specific calendars
2025-09-18 20:28:46 | trading_engine | INFO     | Backtesting over 917 trading days
2025-09-18 20:28:46 | trading_engine | INFO     | Backtest progress: 0/917 (0.0%)
2025-09-18 20:28:47 | trading_engine | INFO     | Backtest progress: 50/917 (5.5%)
2025-09-18 20:28:48 | trading_engine | INFO     | Backtest progress: 100/917 (10.9%)
2025-09-18 20:28:49 | trading_engine | INFO     | Backtest progress: 150/917 (16.4%)
2025-09-18 20:28:50 | trading_engine | INFO     | Backtest progress: 200/917 (21.8%)
2025-09-18 20:28:51 | trading_engine | INFO     | Backtest progress: 250/917 (27.3%)
2025-09-18 20:28:53 | trading_engine | INFO     | Backtest progress: 300/917 (32.7%)
2025-09-18 20:28:54 | trading_engine | INFO     | Backtest progress: 350/917 (38.2%)
2025-09-18 20:28:55 | trading_engine | INFO     | Backtest progress: 400/917 (43.6%)
2025-09-18 20:28:56 | trading_engine | INFO     | Backtest progress: 450/917 (49.1%)
2025-09-18 20:28:57 | trading_engine | INFO     | Backtest progress: 500/917 (54.5%)
2025-09-18 20:28:58 | trading_engine | INFO     | Backtest progress: 550/917 (60.0%)
2025-09-18 20:28:59 | trading_engine | INFO     | Backtest progress: 600/917 (65.4%)
2025-09-18 20:29:00 | trading_engine | INFO     | Backtest progress: 650/917 (70.9%)
2025-09-18 20:29:01 | trading_engine | INFO     | Backtest progress: 700/917 (76.3%)
2025-09-18 20:29:02 | trading_engine | INFO     | Backtest progress: 750/917 (81.8%)
2025-09-18 20:29:03 | trading_engine | INFO     | Backtest progress: 800/917 (87.2%)
2025-09-18 20:29:04 | trading_engine | INFO     | Backtest progress: 850/917 (92.7%)
2025-09-18 20:29:05 | trading_engine | INFO     | Backtest progress: 900/917 (98.1%)
2025-09-18 20:29:05 | trading_engine | INFO     | Backtest completed | total_return_pct=-22.53065141430541 | total_trades=73 | win_rate=31.506849315068493
2025-09-18 20:29:05 | trading_engine | INFO     | Completed: Running backtest | duration_sec=18.918844
2025-09-18 20:29:05 | trading_engine | INFO     | Stopping trading session...
2025-09-18 20:29:05 | trading_engine | INFO     | Trading session stopped
2025-09-18 21:10:01 | trading_engine | INFO     | Logger 'trading_engine' initialized. Log file: logs\trading_engine_20250918.log
2025-09-18 21:10:01 | trading_engine | INFO     | Trading engine initialized | mode=BACKTEST
2025-09-18 21:10:01 | trading_engine | INFO     | Starting: Initializing trading components
2025-09-18 21:10:01 | trading_engine | INFO     | IB app connection established for trading engine
2025-09-18 21:10:01 | trading_engine | INFO     | All components initialized successfully
2025-09-18 21:10:01 | trading_engine | INFO     | Completed: Initializing trading components | duration_sec=0.012899
2025-09-18 21:10:01 | trading_engine | INFO     | Trading session started | mode=BACKTEST
2025-09-18 21:10:01 | trading_engine | INFO     | Starting: Running backtest
2025-09-18 21:10:01 | trading_engine | INFO     | Backtest parameters: symbols=['MSFT', 'NVDA', 'AAPL', 'AMZN', 'GOOGL', 'META', 'AVGO', 'TSLA', 'WMT', 'JPM', 'V', 'SPY', 'BRK.A'], start=2023-01-01, end=2025-09-18
2025-09-18 21:10:01 | trading_engine | INFO     | ✅ USING REAL IB DATA - IB connection available
2025-09-18 21:10:01 | trading_engine | INFO     | Attempting to fetch real market data from IB...
2025-09-18 21:10:18 | trading_engine | INFO     | ✅ Successfully fetched REAL IB data
2025-09-18 21:10:18 | trading_engine | INFO     |   MSFT: 1506 bars from 2019-09-20 to 2025-09-17
2025-09-18 21:10:18 | trading_engine | INFO     |   NVDA: 1506 bars from 2019-09-20 to 2025-09-17
2025-09-18 21:10:18 | trading_engine | INFO     |   AAPL: 1506 bars from 2019-09-20 to 2025-09-17
2025-09-18 21:10:18 | trading_engine | INFO     |   AMZN: 1506 bars from 2019-09-20 to 2025-09-17
2025-09-18 21:10:18 | trading_engine | INFO     |   GOOGL: 1506 bars from 2019-09-20 to 2025-09-17
2025-09-18 21:10:18 | trading_engine | INFO     |   META: 1506 bars from 2019-09-20 to 2025-09-17
2025-09-18 21:10:18 | trading_engine | INFO     |   AVGO: 1506 bars from 2019-09-20 to 2025-09-17
2025-09-18 21:10:18 | trading_engine | INFO     |   TSLA: 1506 bars from 2019-09-20 to 2025-09-17
2025-09-18 21:10:18 | trading_engine | INFO     |   WMT: 1506 bars from 2019-09-20 to 2025-09-17
2025-09-18 21:10:18 | trading_engine | INFO     |   JPM: 1506 bars from 2019-09-20 to 2025-09-17
2025-09-18 21:10:18 | trading_engine | INFO     |   V: 1506 bars from 2019-09-20 to 2025-09-17
2025-09-18 21:10:18 | trading_engine | INFO     |   SPY: 1506 bars from 2019-09-20 to 2025-09-17
2025-09-18 21:10:18 | trading_engine | INFO     |   BRK.A: 1506 bars from 2019-09-20 to 2025-09-17
2025-09-18 21:10:18 | trading_engine | INFO     | Completed: data_fetch | duration_sec=17.104376
2025-09-18 21:10:18 | trading_engine | INFO     | Prepared data for 13 symbols with symbol-specific calendars
2025-09-18 21:10:18 | trading_engine | INFO     | Backtesting over 604 trading days
2025-09-18 21:10:18 | trading_engine | INFO     | Backtest progress: 0/604 (0.0%)
2025-09-18 21:10:20 | trading_engine | INFO     | Backtest progress: 50/604 (8.3%)
2025-09-18 21:10:22 | trading_engine | INFO     | Backtest progress: 100/604 (16.6%)
2025-09-18 21:10:23 | trading_engine | INFO     | Backtest progress: 150/604 (24.8%)
2025-09-18 21:10:25 | trading_engine | INFO     | Backtest progress: 200/604 (33.1%)
2025-09-18 21:10:27 | trading_engine | INFO     | Backtest progress: 250/604 (41.4%)
2025-09-18 21:10:29 | trading_engine | INFO     | Backtest progress: 300/604 (49.7%)
2025-09-18 21:10:31 | trading_engine | INFO     | Backtest progress: 350/604 (57.9%)
2025-09-18 21:10:33 | trading_engine | INFO     | Backtest progress: 400/604 (66.2%)
2025-09-18 21:10:35 | trading_engine | INFO     | Backtest progress: 450/604 (74.5%)
2025-09-18 21:10:37 | trading_engine | INFO     | Backtest progress: 500/604 (82.8%)
2025-09-18 21:10:39 | trading_engine | INFO     | Backtest progress: 550/604 (91.1%)
2025-09-18 21:10:41 | trading_engine | INFO     | Backtest progress: 600/604 (99.3%)
2025-09-18 21:10:41 | trading_engine | INFO     | Backtest completed | total_return_pct=87.9930999999999 | total_trades=71 | win_rate=53.52112676056338
2025-09-18 21:10:41 | trading_engine | INFO     | Completed: Running backtest | duration_sec=40.151496
2025-09-18 21:10:41 | trading_engine | INFO     | Stopping trading session...
2025-09-18 21:10:41 | trading_engine | INFO     | Trading session stopped
2025-09-18 21:13:19 | trading_engine | INFO     | Trading engine initialized | mode=BACKTEST
2025-09-18 21:13:19 | trading_engine | INFO     | Starting: Initializing trading components
2025-09-18 21:13:19 | trading_engine | INFO     | IB app connection established for trading engine
2025-09-18 21:13:19 | trading_engine | INFO     | All components initialized successfully
2025-09-18 21:13:19 | trading_engine | INFO     | Completed: Initializing trading components | duration_sec=0.003641
2025-09-18 21:13:19 | trading_engine | INFO     | Trading session started | mode=BACKTEST
2025-09-18 21:13:19 | trading_engine | INFO     | Starting: Running backtest
2025-09-18 21:13:19 | trading_engine | INFO     | Backtest parameters: symbols=['MSFT', 'NVDA', 'AAPL', 'AMZN', 'GOOGL', 'META', 'AVGO', 'TSLA', 'WMT', 'JPM', 'V', 'SPY', 'BRK.A'], start=2020-01-01, end=2025-09-18
2025-09-18 21:13:19 | trading_engine | INFO     | ✅ USING REAL IB DATA - IB connection available
2025-09-18 21:13:19 | trading_engine | INFO     | Attempting to fetch real market data from IB...
2025-09-18 21:13:36 | trading_engine | INFO     | ✅ Successfully fetched REAL IB data
2025-09-18 21:13:36 | trading_engine | INFO     |   MSFT: 1506 bars from 2019-09-20 to 2025-09-17
2025-09-18 21:13:36 | trading_engine | INFO     |   NVDA: 1506 bars from 2019-09-20 to 2025-09-17
2025-09-18 21:13:36 | trading_engine | INFO     |   AAPL: 1506 bars from 2019-09-20 to 2025-09-17
2025-09-18 21:13:36 | trading_engine | INFO     |   AMZN: 1506 bars from 2019-09-20 to 2025-09-17
2025-09-18 21:13:36 | trading_engine | INFO     |   GOOGL: 1506 bars from 2019-09-20 to 2025-09-17
2025-09-18 21:13:36 | trading_engine | INFO     |   META: 1506 bars from 2019-09-20 to 2025-09-17
2025-09-18 21:13:36 | trading_engine | INFO     |   AVGO: 1506 bars from 2019-09-20 to 2025-09-17
2025-09-18 21:13:36 | trading_engine | INFO     |   TSLA: 1506 bars from 2019-09-20 to 2025-09-17
2025-09-18 21:13:36 | trading_engine | INFO     |   WMT: 1506 bars from 2019-09-20 to 2025-09-17
2025-09-18 21:13:36 | trading_engine | INFO     |   JPM: 1506 bars from 2019-09-20 to 2025-09-17
2025-09-18 21:13:36 | trading_engine | INFO     |   V: 1506 bars from 2019-09-20 to 2025-09-17
2025-09-18 21:13:36 | trading_engine | INFO     |   SPY: 1506 bars from 2019-09-20 to 2025-09-17
2025-09-18 21:13:36 | trading_engine | INFO     |   BRK.A: 1506 bars from 2019-09-20 to 2025-09-17
2025-09-18 21:13:36 | trading_engine | INFO     | Completed: data_fetch | duration_sec=17.262232
2025-09-18 21:13:36 | trading_engine | INFO     | Prepared data for 13 symbols with symbol-specific calendars
2025-09-18 21:13:36 | trading_engine | INFO     | Backtesting over 1360 trading days
2025-09-18 21:13:36 | trading_engine | INFO     | Backtest progress: 0/1360 (0.0%)
2025-09-18 21:13:39 | trading_engine | INFO     | Backtest progress: 50/1360 (3.7%)
2025-09-18 21:13:41 | trading_engine | INFO     | Backtest progress: 100/1360 (7.4%)
2025-09-18 21:13:44 | trading_engine | INFO     | Backtest progress: 150/1360 (11.0%)
2025-09-18 21:13:47 | trading_engine | INFO     | Backtest progress: 200/1360 (14.7%)
2025-09-18 21:13:49 | trading_engine | INFO     | Backtest progress: 250/1360 (18.4%)
2025-09-18 21:13:52 | trading_engine | INFO     | Backtest progress: 300/1360 (22.1%)
2025-09-18 21:13:55 | trading_engine | INFO     | Backtest progress: 350/1360 (25.7%)
2025-09-18 21:13:58 | trading_engine | INFO     | Backtest progress: 400/1360 (29.4%)
2025-09-18 21:14:01 | trading_engine | INFO     | Backtest progress: 450/1360 (33.1%)
2025-09-18 21:14:04 | trading_engine | INFO     | Backtest progress: 500/1360 (36.8%)
2025-09-18 21:14:07 | trading_engine | INFO     | Backtest progress: 550/1360 (40.4%)
2025-09-18 21:14:09 | trading_engine | INFO     | Backtest progress: 600/1360 (44.1%)
2025-09-18 21:14:12 | trading_engine | INFO     | Backtest progress: 650/1360 (47.8%)
2025-09-18 21:14:14 | trading_engine | INFO     | Backtest progress: 700/1360 (51.5%)
2025-09-18 21:14:17 | trading_engine | INFO     | Backtest progress: 750/1360 (55.1%)
2025-09-18 21:14:20 | trading_engine | INFO     | Backtest progress: 800/1360 (58.8%)
2025-09-18 21:14:22 | trading_engine | INFO     | Backtest progress: 850/1360 (62.5%)
2025-09-18 21:14:25 | trading_engine | INFO     | Backtest progress: 900/1360 (66.2%)
2025-09-18 21:14:27 | trading_engine | INFO     | Backtest progress: 950/1360 (69.9%)
2025-09-18 21:14:30 | trading_engine | INFO     | Backtest progress: 1000/1360 (73.5%)
2025-09-18 21:14:32 | trading_engine | INFO     | Backtest progress: 1050/1360 (77.2%)
2025-09-18 21:14:34 | trading_engine | INFO     | Backtest progress: 1100/1360 (80.9%)
2025-09-18 21:14:37 | trading_engine | INFO     | Backtest progress: 1150/1360 (84.6%)
2025-09-18 21:14:40 | trading_engine | INFO     | Backtest progress: 1200/1360 (88.2%)
2025-09-18 21:14:42 | trading_engine | INFO     | Backtest progress: 1250/1360 (91.9%)
2025-09-18 21:14:45 | trading_engine | INFO     | Backtest progress: 1300/1360 (95.6%)
2025-09-18 21:14:47 | trading_engine | INFO     | Backtest progress: 1350/1360 (99.3%)
2025-09-18 21:14:48 | trading_engine | INFO     | Backtest completed | total_return_pct=246.67690000000002 | total_trades=164 | win_rate=50.0
2025-09-18 21:14:48 | trading_engine | INFO     | Completed: Running backtest | duration_sec=89.11291
2025-09-18 21:14:48 | trading_engine | INFO     | Stopping trading session...
2025-09-18 21:14:48 | trading_engine | INFO     | Trading session stopped
